# JRE version: Java(TM) SE Runtime Environment 18.9 (11.0.10+8) (build 11.0.10+8-LTS-162)
# Java VM: Java HotSpot(TM) 64-Bit Server VM 18.9 (11.0.10+8-LTS-162, mixed mode, tiered, compressed oops, g1 gc, windows-amd64)
Heap:
 garbage-first heap   total 157696K, used 21406K [0x0000000081800000, 0x0000000100000000)
  region size 1024K, 6 young (6144K), 6 survivors (6144K)
 Metaspace       used 56301K, capacity 57738K, committed 57856K, reserved 1107968K
  class space    used 7511K, capacity 8084K, committed 8192K, reserved 1048576K
GC Heap History (10 events):
Event: 3.826 GC heap before
{Heap before GC invocations=6 (full 0):
 garbage-first heap   total 131072K, used 66016K [0x0000000081800000, 0x0000000100000000)
  region size 1024K, 60 young (61440K), 5 survivors (5120K)
 Metaspace       used 28749K, capacity 29614K, committed 29824K, reserved 1075200K
  class space    used 3580K, capacity 3922K, committed 3968K, reserved 1048576K
}
Event: 3.836 GC heap after
{Heap after GC invocations=7 (full 0):
 garbage-first heap   total 131072K, used 11742K [0x0000000081800000, 0x0000000100000000)
  region size 1024K, 5 young (5120K), 5 survivors (5120K)
 Metaspace       used 28749K, capacity 29614K, committed 29824K, reserved 1075200K
  class space    used 3580K, capacity 3922K, committed 3968K, reserved 1048576K
}
Event: 5.110 GC heap before
{Heap before GC invocations=7 (full 0):
 garbage-first heap   total 131072K, used 70110K [0x0000000081800000, 0x0000000100000000)
  region size 1024K, 63 young (64512K), 5 survivors (5120K)
 Metaspace       used 34642K, capacity 35753K, committed 35840K, reserved 1081344K
  class space    used 4488K, capacity 4939K, committed 4992K, reserved 1048576K
}
Event: 5.126 GC heap after
{Heap after GC invocations=8 (full 0):
 garbage-first heap   total 131072K, used 13968K [0x0000000081800000, 0x0000000100000000)
  region size 1024K, 7 young (7168K), 7 survivors (7168K)
 Metaspace       used 34642K, capacity 35753K, committed 35840K, reserved 1081344K
  class space    used 4488K, capacity 4939K, committed 4992K, reserved 1048576K
}
Event: 5.829 GC heap before
{Heap before GC invocations=9 (full 0):
 garbage-first heap   total 131072K, used 82576K [0x0000000081800000, 0x0000000100000000)
  region size 1024K, 75 young (76800K), 7 survivors (7168K)
 Metaspace       used 38541K, capacity 39866K, committed 40064K, reserved 1083392K
  class space    used 4981K, capacity 5502K, committed 5504K, reserved 1048576K
}
Event: 5.849 GC heap after
{Heap after GC invocations=10 (full 0):
 garbage-first heap   total 157696K, used 16025K [0x0000000081800000, 0x0000000100000000)
  region size 1024K, 6 young (6144K), 6 survivors (6144K)
 Metaspace       used 38541K, capacity 39866K, committed 40064K, reserved 1083392K
  class space    used 4981K, capacity 5502K, committed 5504K, reserved 1048576K
}
Event: 7.806 GC heap before
{Heap before GC invocations=10 (full 0):
 garbage-first heap   total 157696K, used 96921K [0x0000000081800000, 0x0000000100000000)
  region size 1024K, 85 young (87040K), 6 survivors (6144K)
 Metaspace       used 52140K, capacity 53559K, committed 53632K, reserved 1095680K
  class space    used 6890K, capacity 7481K, committed 7552K, reserved 1048576K
}
Event: 7.822 GC heap after
{Heap after GC invocations=11 (full 0):
 garbage-first heap   total 157696K, used 20225K [0x0000000081800000, 0x0000000100000000)
  region size 1024K, 10 young (10240K), 10 survivors (10240K)
 Metaspace       used 52140K, capacity 53559K, committed 53632K, reserved 1095680K
  class space    used 6890K, capacity 7481K, committed 7552K, reserved 1048576K
}
Event: 8.374 GC heap before
{Heap before GC invocations=11 (full 0):
 garbage-first heap   total 157696K, used 46849K [0x0000000081800000, 0x0000000100000000)
  region size 1024K, 37 young (37888K), 10 survivors (10240K)
 Metaspace       used 56301K, capacity 57738K, committed 57856K, reserved 1105920K
  class space    used 7511K, capacity 8084K, committed 8192K, reserved 1048576K
}
Event: 8.396 GC heap after
{Heap after GC invocations=12 (full 0):
 garbage-first heap   total 157696K, used 21406K [0x0000000081800000, 0x0000000100000000)
  region size 1024K, 6 young (6144K), 6 survivors (6144K)
 Metaspace       used 56301K, capacity 57738K, committed 57856K, reserved 1105920K
  class space    used 7511K, capacity 8084K, committed 8192K, reserved 1048576K
}

